2025-01-11 15:49:48 INFO  TC_001_AccountRegistrationTest:15 - ***** Starting TC001_AccountRegistrationTest  ****
2025-01-11 15:49:48 INFO  TC_001_AccountRegistrationTest:21 - Clicked on MyAccount Link.. 
2025-01-11 15:49:49 INFO  TC_001_AccountRegistrationTest:24 - Clicked on Register Link.. 
2025-01-11 15:49:49 INFO  TC_001_AccountRegistrationTest:28 - Providing customer details...
2025-01-11 15:49:54 INFO  TC_001_AccountRegistrationTest:42 - Validating expected message..
2025-01-11 15:49:54 INFO  TC_001_AccountRegistrationTest:47 - Test passed
2025-01-11 15:49:54 INFO  TC_001_AccountRegistrationTest:56 - ***** Finished TC001_AccountRegistrationTest *****
2025-01-11 15:49:57 INFO  TC_002_LoginTest:16 -  ... Staring TC_002_LoginTest ...
2025-01-11 15:49:59 INFO  TC_002_LoginTest:42 -  ... Finished TC_002_LoginTest ...
2025-01-11 15:52:27 INFO  TC_001_AccountRegistrationTest:15 - ***** Starting TC001_AccountRegistrationTest  ****
2025-01-11 15:52:28 INFO  TC_001_AccountRegistrationTest:21 - Clicked on MyAccount Link.. 
2025-01-11 15:52:29 INFO  TC_001_AccountRegistrationTest:24 - Clicked on Register Link.. 
2025-01-11 15:52:29 INFO  TC_001_AccountRegistrationTest:28 - Providing customer details...
2025-01-11 15:52:33 INFO  TC_001_AccountRegistrationTest:42 - Validating expected message..
2025-01-11 15:52:34 INFO  TC_001_AccountRegistrationTest:47 - Test passed
2025-01-11 15:52:34 INFO  TC_001_AccountRegistrationTest:56 - ***** Finished TC001_AccountRegistrationTest *****
2025-01-11 15:52:38 INFO  TC_002_LoginTest:16 -  ... Staring TC_002_LoginTest ...
2025-01-11 15:52:41 INFO  TC_002_LoginTest:42 -  ... Finished TC_002_LoginTest ...
2025-01-11 16:06:11 INFO  TC_001_AccountRegistrationTest:15 - ***** Starting TC001_AccountRegistrationTest  ****
2025-01-11 16:06:12 INFO  TC_001_AccountRegistrationTest:21 - Clicked on MyAccount Link.. 
2025-01-11 16:06:13 INFO  TC_001_AccountRegistrationTest:24 - Clicked on Register Link.. 
2025-01-11 16:06:13 INFO  TC_001_AccountRegistrationTest:28 - Providing customer details...
2025-01-11 16:06:17 INFO  TC_001_AccountRegistrationTest:42 - Validating expected message..
2025-01-11 16:06:18 INFO  TC_001_AccountRegistrationTest:47 - Test passed
2025-01-11 16:06:18 INFO  TC_001_AccountRegistrationTest:56 - ***** Finished TC001_AccountRegistrationTest *****
2025-01-11 16:06:22 INFO  TC_002_LoginTest:16 -  ... Staring TC_002_LoginTest ...
2025-01-11 16:06:24 INFO  TC_002_LoginTest:42 -  ... Finished TC_002_LoginTest ...
2025-01-11 16:06:29 INFO  TC_004_SearchProductTest:14 -  Starting TC_004_SearchProductTest 
2025-01-11 16:06:37 INFO  TC_004_SearchProductTest:34 -  Finished TC_004_SearchProductTest 
2025-01-11 16:06:41 INFO  TC_005_AddToCartPageTest:15 -  Starting TC_005_AddToCartPageTest 
2025-01-11 16:06:46 INFO  TC_005_AddToCartPageTest:41 -  Finished TC_004_SearchProductTest 
2025-01-11 16:17:24 INFO  TC_001_AccountRegistrationTest:15 - ***** Starting TC001_AccountRegistrationTest  ****
2025-01-11 16:17:25 INFO  TC_001_AccountRegistrationTest:21 - Clicked on MyAccount Link.. 
2025-01-11 16:17:26 INFO  TC_001_AccountRegistrationTest:24 - Clicked on Register Link.. 
2025-01-11 16:17:26 INFO  TC_001_AccountRegistrationTest:28 - Providing customer details...
2025-01-11 16:17:31 INFO  TC_001_AccountRegistrationTest:42 - Validating expected message..
2025-01-11 16:17:31 INFO  TC_001_AccountRegistrationTest:47 - Test passed
2025-01-11 16:17:31 INFO  TC_001_AccountRegistrationTest:56 - ***** Finished TC001_AccountRegistrationTest *****
2025-01-11 16:17:35 INFO  TC_002_LoginTest:16 -  ... Staring TC_002_LoginTest ...
2025-01-11 16:17:38 INFO  TC_002_LoginTest:42 -  ... Finished TC_002_LoginTest ...
2025-01-11 16:18:16 INFO  TC_001_AccountRegistrationTest:15 - ***** Starting TC001_AccountRegistrationTest  ****
2025-01-11 16:18:16 INFO  TC_001_AccountRegistrationTest:21 - Clicked on MyAccount Link.. 
2025-01-11 16:18:17 INFO  TC_001_AccountRegistrationTest:24 - Clicked on Register Link.. 
2025-01-11 16:18:17 INFO  TC_001_AccountRegistrationTest:28 - Providing customer details...
2025-01-11 16:18:22 INFO  TC_001_AccountRegistrationTest:42 - Validating expected message..
2025-01-11 16:18:22 INFO  TC_001_AccountRegistrationTest:47 - Test passed
2025-01-11 16:18:22 INFO  TC_001_AccountRegistrationTest:56 - ***** Finished TC001_AccountRegistrationTest *****
2025-01-11 16:18:26 INFO  TC_002_LoginTest:16 -  ... Staring TC_002_LoginTest ...
2025-01-11 16:18:29 INFO  TC_002_LoginTest:42 -  ... Finished TC_002_LoginTest ...
2025-01-11 16:18:36 INFO  TC_003_LoginDataDrivenTest:26 -  ... Staring TC_003_DataDrivenLoginTest ...
2025-01-11 16:18:41 INFO  TC_003_LoginDataDrivenTest:76 -  ... Finished TC_003_LoginDDT ...
2025-01-11 16:18:41 INFO  TC_003_LoginDataDrivenTest:26 -  ... Staring TC_003_DataDrivenLoginTest ...
2025-01-11 16:18:54 INFO  TC_003_LoginDataDrivenTest:76 -  ... Finished TC_003_LoginDDT ...
2025-01-11 16:18:54 INFO  TC_003_LoginDataDrivenTest:26 -  ... Staring TC_003_DataDrivenLoginTest ...
2025-01-11 16:19:06 INFO  TC_003_LoginDataDrivenTest:76 -  ... Finished TC_003_LoginDDT ...
2025-01-11 16:19:06 INFO  TC_003_LoginDataDrivenTest:26 -  ... Staring TC_003_DataDrivenLoginTest ...
2025-01-11 16:19:18 INFO  TC_003_LoginDataDrivenTest:76 -  ... Finished TC_003_LoginDDT ...
2025-01-11 16:19:18 INFO  TC_003_LoginDataDrivenTest:26 -  ... Staring TC_003_DataDrivenLoginTest ...
2025-01-11 16:19:35 INFO  TC_004_SearchProductTest:14 -  Starting TC_004_SearchProductTest 
2025-01-11 16:19:37 INFO  TC_004_SearchProductTest:34 -  Finished TC_004_SearchProductTest 
2025-01-11 16:19:41 INFO  TC_005_AddToCartPageTest:15 -  Starting TC_005_AddToCartPageTest 
2025-01-11 16:19:45 INFO  TC_005_AddToCartPageTest:41 -  Finished TC_004_SearchProductTest 
2025-01-11 16:35:24 INFO  TC_001_AccountRegistrationTest:15 - ***** Starting TC001_AccountRegistrationTest  ****
2025-01-11 16:35:24 INFO  TC_001_AccountRegistrationTest:21 - Clicked on MyAccount Link.. 
2025-01-11 16:35:25 INFO  TC_001_AccountRegistrationTest:24 - Clicked on Register Link.. 
2025-01-11 16:35:25 INFO  TC_001_AccountRegistrationTest:28 - Providing customer details...
2025-01-11 16:35:30 INFO  TC_001_AccountRegistrationTest:42 - Validating expected message..
2025-01-11 16:35:30 INFO  TC_001_AccountRegistrationTest:47 - Test passed
2025-01-11 16:35:30 INFO  TC_001_AccountRegistrationTest:56 - ***** Finished TC001_AccountRegistrationTest *****
2025-01-11 16:35:34 INFO  TC_002_LoginTest:16 -  ... Staring TC_002_LoginTest ...
2025-01-11 16:35:37 INFO  TC_002_LoginTest:42 -  ... Finished TC_002_LoginTest ...
2025-01-11 16:35:41 INFO  TC_004_SearchProductTest:14 -  Starting TC_004_SearchProductTest 
2025-01-11 16:35:43 INFO  TC_004_SearchProductTest:34 -  Finished TC_004_SearchProductTest 
2025-01-11 16:35:47 INFO  TC_005_AddToCartPageTest:15 -  Starting TC_005_AddToCartPageTest 
2025-01-11 16:35:51 INFO  TC_005_AddToCartPageTest:41 -  Finished TC_004_SearchProductTest 
